/opt/homebrew/lib/python3.10/site-packages/rasa/core/tracker_store.py:1044: MovedIn20Warning: The ``declarative_base()`` function is now available as sqlalchemy.orm.declarative_base(). (deprecated since: 2.0) (Background on SQLAlchemy 2.0 at: https://sqlalche.me/e/b8d9)
  Base: DeclarativeMeta = declarative_base()
/opt/homebrew/lib/python3.10/site-packages/rasa/shared/utils/validation.py:134: DeprecationWarning: pkg_resources is deprecated as an API. See https://setuptools.pypa.io/en/latest/pkg_resources.html
  import pkg_resources
/opt/homebrew/lib/python3.10/site-packages/pkg_resources/__init__.py:3147: DeprecationWarning: Deprecated call to `pkg_resources.declare_namespace('mpl_toolkits')`.
Implementing implicit namespace packages (as specified in PEP 420) is preferred to `pkg_resources.declare_namespace`. See https://setuptools.pypa.io/en/latest/references/keywords.html#keyword-namespace-packages
  declare_namespace(pkg)
/opt/homebrew/lib/python3.10/site-packages/pkg_resources/__init__.py:3147: DeprecationWarning: Deprecated call to `pkg_resources.declare_namespace('ruamel')`.
Implementing implicit namespace packages (as specified in PEP 420) is preferred to `pkg_resources.declare_namespace`. See https://setuptools.pypa.io/en/latest/references/keywords.html#keyword-namespace-packages
  declare_namespace(pkg)
/opt/homebrew/lib/python3.10/site-packages/sanic_cors/extension.py:39: DeprecationWarning: distutils Version classes are deprecated. Use packaging.version instead.
  SANIC_VERSION = LooseVersion(sanic_version)
2025-05-05 13:29:46 INFO     rasa_sdk.endpoint  - Starting action endpoint server...
2025-05-05 13:29:46 ERROR    rasa_sdk.executor  - Failed to register package 'actions'.
Traceback (most recent call last):
  File "/opt/homebrew/lib/python3.10/site-packages/rasa_sdk/executor.py", line 263, in register_package
    self._import_submodules(package)
  File "/opt/homebrew/lib/python3.10/site-packages/rasa_sdk/executor.py", line 219, in _import_submodules
    package = self._import_module(package)
  File "/opt/homebrew/lib/python3.10/site-packages/rasa_sdk/executor.py", line 240, in _import_module
    module = importlib.import_module(name)
  File "/opt/homebrew/Cellar/python@3.10/3.10.17/Frameworks/Python.framework/Versions/3.10/lib/python3.10/importlib/__init__.py", line 126, in import_module
    return _bootstrap._gcd_import(name[level:], package, level)
  File "<frozen importlib._bootstrap>", line 1050, in _gcd_import
  File "<frozen importlib._bootstrap>", line 1027, in _find_and_load
  File "<frozen importlib._bootstrap>", line 1004, in _find_and_load_unlocked
ModuleNotFoundError: No module named 'actions'
/opt/homebrew/lib/python3.10/site-packages/rasa/core/tracker_store.py:1044: MovedIn20Warning: The ``declarative_base()`` function is now available as sqlalchemy.orm.declarative_base(). (deprecated since: 2.0) (Background on SQLAlchemy 2.0 at: https://sqlalche.me/e/b8d9)
  Base: DeclarativeMeta = declarative_base()
usage: rasa run [-h] [-v] [-vv] [--quiet]
                [--logging-config-file LOGGING_CONFIG_FILE] [-m MODEL]
                [--log-file LOG_FILE] [--use-syslog]
                [--syslog-address SYSLOG_ADDRESS] [--syslog-port SYSLOG_PORT]
                [--syslog-protocol SYSLOG_PROTOCOL] [--endpoints ENDPOINTS]
                [-i INTERFACE] [-p PORT] [-t AUTH_TOKEN] [--cors [CORS ...]]
                [--enable-api] [--response-timeout RESPONSE_TIMEOUT]
                [--request-timeout REQUEST_TIMEOUT]
                [--remote-storage REMOTE_STORAGE]
                [--ssl-certificate SSL_CERTIFICATE]
                [--ssl-keyfile SSL_KEYFILE] [--ssl-ca-file SSL_CA_FILE]
                [--ssl-password SSL_PASSWORD] [--credentials CREDENTIALS]
                [--connector CONNECTOR] [--jwt-secret JWT_SECRET]
                [--jwt-method JWT_METHOD] [--jwt-private-key JWT_PRIVATE_KEY]
                {actions} ... [model-as-positional-argument]
rasa run: error: argument {actions}: invalid choice: '0.0.0.0' (choose from 'actions')
